<?xml version="1.0" encoding="UTF-8"?>
<!-- Generated by org.testng.reporters.JUnitXMLReporter -->
<testsuite hostname="DALVDINPW71109" ignored="0" name="Default test" tests="3" failures="0" timestamp="16 May 2018 07:12:23 GMT" time="49.332" errors="0">
  <testcase name="verifyFirstName" time="3.445" classname="com.qa.tests.MyProfilePageTest"/>
  <testcase name="verifyLastName" time="3.227" classname="com.qa.tests.MyProfilePageTest"/>
  <testcase name="verifyPhoneNumber" time="3.162" classname="com.qa.tests.MyProfilePageTest"/>
</testsuite> <!-- Default test -->
