<?xml version="1.0" encoding="UTF-8"?>
<!-- Generated by org.testng.reporters.JUnitXMLReporter -->
<testsuite hostname="DALVDINPW71109" ignored="0" name="PHP Travels Test" tests="9" failures="0" timestamp="16 May 2018 08:21:30 GMT" time="287.945" errors="0">
  <testcase name="verifyLoginpageTitle" time="3.339" classname="com.qa.tests.LoginPageTest"/>
  <testcase name="verifyMyAccountPageTtile" time="5.331" classname="com.qa.tests.MyAccountPageTest"/>
  <testcase name="verifyFirstName" time="3.308" classname="com.qa.tests.MyProfilePageTest"/>
  <testcase name="verifyLoginImage" time="3.389" classname="com.qa.tests.LoginPageTest"/>
  <testcase name="verifyCorrectUserName" time="6.444" classname="com.qa.tests.MyAccountPageTest"/>
  <testcase name="verifyLastName" time="3.364" classname="com.qa.tests.MyProfilePageTest"/>
  <testcase name="verifyValidLogin" time="10.904" classname="com.qa.tests.LoginPageTest"/>
  <testcase name="verifyUserImage" time="6.309" classname="com.qa.tests.MyAccountPageTest"/>
  <testcase name="verifyPhoneNumber" time="3.395" classname="com.qa.tests.MyProfilePageTest"/>
</testsuite> <!-- PHP Travels Test -->
