<?xml version="1.0" encoding="UTF-8"?>
<!-- Generated by org.testng.reporters.JUnitXMLReporter -->
<testsuite hostname="DALVDINPW71137" ignored="0" name="ChromeTest" tests="3" failures="0" timestamp="15 May 2018 09:22:54 GMT" time="36.107" errors="0">
  <testcase name="verifyFirstName" time="3.2" classname="com.qa.tests.MyProfilePageTest"/>
  <testcase name="verifyLastName" time="3.128" classname="com.qa.tests.MyProfilePageTest"/>
  <testcase name="verifyPhoneNumber" time="3.124" classname="com.qa.tests.MyProfilePageTest"/>
</testsuite> <!-- ChromeTest -->
