<?xml version="1.0" encoding="UTF-8"?>
<!-- Generated by org.testng.reporters.JUnitXMLReporter -->
<testsuite hostname="DALVDINPW71137" ignored="0" name="FirefoxTest" tests="3" failures="0" timestamp="15 May 2018 09:21:40 GMT" time="35.25" errors="0">
  <testcase name="verifyLoginpageTitle" time="3.35" classname="com.qa.tests.LoginPageTest"/>
  <testcase name="verifyLoginImage" time="3.238" classname="com.qa.tests.LoginPageTest"/>
  <testcase name="verifyValidLogin" time="10.695" classname="com.qa.tests.LoginPageTest"/>
</testsuite> <!-- FirefoxTest -->
