<?xml version="1.0" encoding="UTF-8"?>
<!-- Generated by org.testng.reporters.JUnitXMLReporter -->
<testsuite hostname="DALVDINPW71137" ignored="0" name="IETest" tests="3" failures="0" timestamp="15 May 2018 09:22:18 GMT" time="37.603" errors="0">
  <testcase name="verifyMyAccountPageTtile" time="5.3" classname="com.qa.tests.MyAccountPageTest"/>
  <testcase name="verifyCorrectUserName" time="6.239" classname="com.qa.tests.MyAccountPageTest"/>
  <testcase name="verifyUserImage" time="6.195" classname="com.qa.tests.MyAccountPageTest"/>
</testsuite> <!-- IETest -->
