<?xml version="1.0" encoding="UTF-8"?>
<!-- Generated by org.testng.reporters.JUnitXMLReporter -->
<testsuite hostname="DALVDINPW71062" ignored="0" name="Command line test" tests="9" failures="0" timestamp="21 Apr 2018 08:32:07 GMT" time="237.711" errors="0">
  <testcase name="verifyLoginpageTitle" time="0.017" classname="com.qa.tests.LoginPageTest"/>
  <testcase name="verifyMyAccountPageTtile" time="5.008" classname="com.qa.tests.MyAccountPageTest"/>
  <testcase name="verifyFirstName" time="0.075" classname="com.qa.tests.MyProfilePageTest"/>
  <testcase name="verifyLoginImage" time="0.605" classname="com.qa.tests.LoginPageTest"/>
  <testcase name="verifyCorrectUserName" time="4.044" classname="com.qa.tests.MyAccountPageTest"/>
  <testcase name="verifyLastName" time="0.156" classname="com.qa.tests.MyProfilePageTest"/>
  <testcase name="verifyValidLogin" time="10.467" classname="com.qa.tests.LoginPageTest"/>
  <testcase name="verifyUserImage" time="4.16" classname="com.qa.tests.MyAccountPageTest"/>
  <testcase name="verifyPhoneNumber" time="0.029" classname="com.qa.tests.MyProfilePageTest"/>
</testsuite> <!-- Command line test -->
